2022-01-18 16:00:50.191 +09:00 [INF] application start.
2022-01-18 16:00:55.496 +09:00 [INF] application end.
2022-01-18 16:05:04.985 +09:00 [INF] application start.
2022-01-18 16:05:06.676 +09:00 [INF] hardware connected.
2022-01-18 16:05:07.514 +09:00 [INF] scan white point:0,0,0.
2022-01-18 16:05:07.515 +09:00 [INF] started.
2022-01-18 16:05:20.936 +09:00 [INF] stopped.
2022-01-18 16:05:21.025 +09:00 [INF] hardware disconnected.
2022-01-18 16:05:21.181 +09:00 [INF] application end.
2022-01-18 16:17:46.787 +09:00 [INF] application start.
2022-01-18 16:17:54.110 +09:00 [INF] hardware connected.
2022-01-18 16:17:54.914 +09:00 [INF] scan white point:0,0,0.
2022-01-18 16:17:54.915 +09:00 [INF] started.
2022-01-18 16:18:36.836 +09:00 [INF] stopped.
2022-01-18 16:18:39.702 +09:00 [INF] hardware disconnected.
2022-01-18 16:18:39.875 +09:00 [INF] application end.
2022-01-20 15:43:03.749 +09:00 [INF] application start.
2022-01-20 15:43:05.284 +09:00 [INF] hardware connected.
2022-01-20 15:43:06.411 +09:00 [INF] scan white point:0,0,0.
2022-01-20 15:43:06.411 +09:00 [INF] started.
